Determining if the pthread_create exist failed with the following output:
Change Dir: /home/robot/aplriltags/build/CMakeFiles/CMakeTmp

Run Build Command:"/usr/bin/make" "cmTC_856da/fast"
/usr/bin/make -f CMakeFiles/cmTC_856da.dir/build.make CMakeFiles/cmTC_856da.dir/build
make[1]: Entering directory '/home/robot/aplriltags/build/CMakeFiles/CMakeTmp'
Building C object CMakeFiles/cmTC_856da.dir/CheckSymbolExists.c.o
/usr/bin/cc     -o CMakeFiles/cmTC_856da.dir/CheckSymbolExists.c.o   -c /home/robot/aplriltags/build/CMakeFiles/CMakeTmp/CheckSymbolExists.c
Linking C executable cmTC_856da
/usr/bin/cmake -E cmake_link_script CMakeFiles/cmTC_856da.dir/link.txt --verbose=1
/usr/bin/cc       CMakeFiles/cmTC_856da.dir/CheckSymbolExists.c.o  -o cmTC_856da -rdynamic 
CMakeFiles/cmTC_856da.dir/CheckSymbolExists.c.o：在函数‘main’中：
CheckSymbolExists.c:(.text+0x16)：对‘pthread_create’未定义的引用
collect2: error: ld returned 1 exit status
CMakeFiles/cmTC_856da.dir/build.make:97: recipe for target 'cmTC_856da' failed
make[1]: *** [cmTC_856da] Error 1
make[1]: Leaving directory '/home/robot/aplriltags/build/CMakeFiles/CMakeTmp'
Makefile:126: recipe for target 'cmTC_856da/fast' failed
make: *** [cmTC_856da/fast] Error 2

File /home/robot/aplriltags/build/CMakeFiles/CMakeTmp/CheckSymbolExists.c:
/* */
#include <pthread.h>

int main(int argc, char** argv)
{
  (void)argv;
#ifndef pthread_create
  return ((int*)(&pthread_create))[argc];
#else
  (void)argc;
  return 0;
#endif
}

Determining if the function pthread_create exists in the pthreads failed with the following output:
Change Dir: /home/robot/aplriltags/build/CMakeFiles/CMakeTmp

Run Build Command:"/usr/bin/make" "cmTC_ce87c/fast"
/usr/bin/make -f CMakeFiles/cmTC_ce87c.dir/build.make CMakeFiles/cmTC_ce87c.dir/build
make[1]: Entering directory '/home/robot/aplriltags/build/CMakeFiles/CMakeTmp'
Building C object CMakeFiles/cmTC_ce87c.dir/CheckFunctionExists.c.o
/usr/bin/cc    -DCHECK_FUNCTION_EXISTS=pthread_create   -o CMakeFiles/cmTC_ce87c.dir/CheckFunctionExists.c.o   -c /usr/share/cmake-3.5/Modules/CheckFunctionExists.c
Linking C executable cmTC_ce87c
/usr/bin/cmake -E cmake_link_script CMakeFiles/cmTC_ce87c.dir/link.txt --verbose=1
/usr/bin/cc   -DCHECK_FUNCTION_EXISTS=pthread_create    CMakeFiles/cmTC_ce87c.dir/CheckFunctionExists.c.o  -o cmTC_ce87c -rdynamic -lpthreads 
/usr/bin/ld: 找不到 -lpthreads
collect2: error: ld returned 1 exit status
CMakeFiles/cmTC_ce87c.dir/build.make:97: recipe for target 'cmTC_ce87c' failed
make[1]: *** [cmTC_ce87c] Error 1
make[1]: Leaving directory '/home/robot/aplriltags/build/CMakeFiles/CMakeTmp'
Makefile:126: recipe for target 'cmTC_ce87c/fast' failed
make: *** [cmTC_ce87c/fast] Error 2


